2023-10-30 19:02:53.791  INFO 3064 --- [main] c.e.a.ActuatorDemoApplicationTests       : Starting ActuatorDemoApplicationTests on DESKTOP-U3EHA7A with PID 3064 (started by Admin in C:\Users\Admin\Desktop\devops\ass3\maven-java-monitoring-example)
2023-10-30 19:02:53.793  INFO 3064 --- [main] c.e.a.ActuatorDemoApplicationTests       : No active profile set, falling back to default profiles: default
2023-10-30 19:02:57.050  INFO 3064 --- [main] o.s.s.concurrent.ThreadPoolTaskExecutor  : Initializing ExecutorService 'applicationTaskExecutor'
2023-10-30 19:02:58.937  INFO 3064 --- [main] o.s.s.web.DefaultSecurityFilterChain     : Creating filter chain: any request, [org.springframework.security.web.context.request.async.WebAsyncManagerIntegrationFilter@273fa9e, org.springframework.security.web.context.SecurityContextPersistenceFilter@2fc49538, org.springframework.security.web.header.HeaderWriterFilter@31efacad, org.springframework.security.web.csrf.CsrfFilter@5e1a5f, org.springframework.security.web.authentication.logout.LogoutFilter@26d5a317, org.springframework.security.web.authentication.www.BasicAuthenticationFilter@4b03cbad, org.springframework.security.web.savedrequest.RequestCacheAwareFilter@7742a45c, org.springframework.security.web.servletapi.SecurityContextHolderAwareRequestFilter@5bda157e, org.springframework.security.web.authentication.AnonymousAuthenticationFilter@527a8665, org.springframework.security.web.session.SessionManagementFilter@37af24cb, org.springframework.security.web.access.ExceptionTranslationFilter@2f95653f, org.springframework.security.web.access.intercept.FilterSecurityInterceptor@6a98f353]
2023-10-30 19:02:59.088  INFO 3064 --- [main] o.s.b.a.e.web.EndpointLinksResolver      : Exposing 16 endpoint(s) beneath base path '/actuator'
2023-10-30 19:02:59.261  INFO 3064 --- [main] c.e.a.ActuatorDemoApplicationTests       : Started ActuatorDemoApplicationTests in 6.225 seconds (JVM running for 8.751)
2023-10-30 19:03:00.247  INFO 3064 --- [SpringContextShutdownHook] o.s.s.concurrent.ThreadPoolTaskExecutor  : Shutting down ExecutorService 'applicationTaskExecutor'
2023-10-30 20:27:23.764  INFO 18768 --- [main] c.e.a.ActuatorDemoApplication            : Starting ActuatorDemoApplication v0.0.1-SNAPSHOT on DESKTOP-U3EHA7A with PID 18768 (C:\Users\Admin\Desktop\devops\ass3\maven-java-monitoring-example\target\actuator-demo-0.0.1-SNAPSHOT.jar started by Admin in C:\Users\Admin\Desktop\devops\ass3\maven-java-monitoring-example)
2023-10-30 20:27:23.770  INFO 18768 --- [main] c.e.a.ActuatorDemoApplication            : No active profile set, falling back to default profiles: default
2023-10-30 20:27:27.429  INFO 18768 --- [main] o.s.b.w.embedded.tomcat.TomcatWebServer  : Tomcat initialized with port(s): 8080 (http)
2023-10-30 20:27:27.466  INFO 18768 --- [main] o.apache.catalina.core.StandardService   : Starting service [Tomcat]
2023-10-30 20:27:27.467  INFO 18768 --- [main] org.apache.catalina.core.StandardEngine  : Starting Servlet engine: [Apache Tomcat/9.0.27]
2023-10-30 20:27:27.644  INFO 18768 --- [main] o.a.c.c.C.[Tomcat].[localhost].[/]       : Initializing Spring embedded WebApplicationContext
2023-10-30 20:27:27.692  INFO 18768 --- [main] o.s.web.context.ContextLoader            : Root WebApplicationContext: initialization completed in 3776 ms
2023-10-30 20:27:28.494  INFO 18768 --- [main] o.s.s.concurrent.ThreadPoolTaskExecutor  : Initializing ExecutorService 'applicationTaskExecutor'
2023-10-30 20:27:29.029  INFO 18768 --- [main] o.s.s.web.DefaultSecurityFilterChain     : Creating filter chain: any request, [org.springframework.security.web.context.request.async.WebAsyncManagerIntegrationFilter@332a7fce, org.springframework.security.web.context.SecurityContextPersistenceFilter@5f4d427e, org.springframework.security.web.header.HeaderWriterFilter@6b5966e1, org.springframework.security.web.csrf.CsrfFilter@51e4ccb3, org.springframework.security.web.authentication.logout.LogoutFilter@61861a29, org.springframework.security.web.authentication.www.BasicAuthenticationFilter@4985cbcb, org.springframework.security.web.savedrequest.RequestCacheAwareFilter@224b4d61, org.springframework.security.web.servletapi.SecurityContextHolderAwareRequestFilter@1d9bec4d, org.springframework.security.web.authentication.AnonymousAuthenticationFilter@549621f3, org.springframework.security.web.session.SessionManagementFilter@f9879ac, org.springframework.security.web.access.ExceptionTranslationFilter@1e5f4170, org.springframework.security.web.access.intercept.FilterSecurityInterceptor@5118388b]
2023-10-30 20:27:29.058  INFO 18768 --- [main] o.s.b.a.e.web.EndpointLinksResolver      : Exposing 16 endpoint(s) beneath base path '/actuator'
2023-10-30 20:27:29.230  INFO 18768 --- [main] o.apache.catalina.core.StandardService   : Stopping service [Tomcat]
2023-10-30 20:27:29.243  INFO 18768 --- [main] ConditionEvaluationReportLoggingListener : 

Error starting ApplicationContext. To display the conditions report re-run your application with 'debug' enabled.
2023-10-30 20:27:29.246 ERROR 18768 --- [main] o.s.b.d.LoggingFailureAnalysisReporter   : 

***************************
APPLICATION FAILED TO START
***************************

Description:

Web server failed to start. Port 8080 was already in use.

Action:

Identify and stop the process that's listening on port 8080 or configure this application to listen on another port.

2023-10-30 20:27:29.251  INFO 18768 --- [main] o.s.s.concurrent.ThreadPoolTaskExecutor  : Shutting down ExecutorService 'applicationTaskExecutor'
2023-10-30 20:34:00.272  INFO 1196 --- [main] c.e.a.ActuatorDemoApplication            : Starting ActuatorDemoApplication v0.0.1-SNAPSHOT on DESKTOP-U3EHA7A with PID 1196 (C:\Users\Admin\Desktop\devops\ass3\maven-java-monitoring-example\target\actuator-demo-0.0.1-SNAPSHOT.jar started by Admin in C:\Users\Admin\Desktop\devops\ass3\maven-java-monitoring-example)
2023-10-30 20:34:00.277  INFO 1196 --- [main] c.e.a.ActuatorDemoApplication            : No active profile set, falling back to default profiles: default
2023-10-30 20:34:02.245  INFO 1196 --- [main] o.s.b.w.embedded.tomcat.TomcatWebServer  : Tomcat initialized with port(s): 8080 (http)
2023-10-30 20:34:02.260  INFO 1196 --- [main] o.apache.catalina.core.StandardService   : Starting service [Tomcat]
2023-10-30 20:34:02.261  INFO 1196 --- [main] org.apache.catalina.core.StandardEngine  : Starting Servlet engine: [Apache Tomcat/9.0.27]
2023-10-30 20:34:02.363  INFO 1196 --- [main] o.a.c.c.C.[Tomcat].[localhost].[/]       : Initializing Spring embedded WebApplicationContext
2023-10-30 20:34:02.364  INFO 1196 --- [main] o.s.web.context.ContextLoader            : Root WebApplicationContext: initialization completed in 2004 ms
2023-10-30 20:34:02.824  INFO 1196 --- [main] o.s.s.concurrent.ThreadPoolTaskExecutor  : Initializing ExecutorService 'applicationTaskExecutor'
2023-10-30 20:34:03.226  INFO 1196 --- [main] o.s.s.web.DefaultSecurityFilterChain     : Creating filter chain: any request, [org.springframework.security.web.context.request.async.WebAsyncManagerIntegrationFilter@4a3e3e8b, org.springframework.security.web.context.SecurityContextPersistenceFilter@1568159, org.springframework.security.web.header.HeaderWriterFilter@2b62442c, org.springframework.security.web.csrf.CsrfFilter@1255b1d1, org.springframework.security.web.authentication.logout.LogoutFilter@674c583e, org.springframework.security.web.authentication.www.BasicAuthenticationFilter@5118388b, org.springframework.security.web.savedrequest.RequestCacheAwareFilter@6f80fafe, org.springframework.security.web.servletapi.SecurityContextHolderAwareRequestFilter@6e521c1e, org.springframework.security.web.authentication.AnonymousAuthenticationFilter@5af28b27, org.springframework.security.web.session.SessionManagementFilter@6b5966e1, org.springframework.security.web.access.ExceptionTranslationFilter@5fd62371, org.springframework.security.web.access.intercept.FilterSecurityInterceptor@4a8a60bc]
2023-10-30 20:34:03.266  INFO 1196 --- [main] o.s.b.a.e.web.EndpointLinksResolver      : Exposing 16 endpoint(s) beneath base path '/actuator'
2023-10-30 20:34:03.379  INFO 1196 --- [main] o.s.b.w.embedded.tomcat.TomcatWebServer  : Tomcat started on port(s): 8080 (http) with context path ''
2023-10-30 20:34:03.385  INFO 1196 --- [main] c.e.a.ActuatorDemoApplication            : Started ActuatorDemoApplication in 3.828 seconds (JVM running for 4.545)
2023-10-30 20:34:26.492  INFO 1196 --- [http-nio-8080-exec-1] o.a.c.c.C.[Tomcat].[localhost].[/]       : Initializing Spring DispatcherServlet 'dispatcherServlet'
2023-10-30 20:34:26.496  INFO 1196 --- [http-nio-8080-exec-1] o.s.web.servlet.DispatcherServlet        : Initializing Servlet 'dispatcherServlet'
2023-10-30 20:34:26.511  INFO 1196 --- [http-nio-8080-exec-1] o.s.web.servlet.DispatcherServlet        : Completed initialization in 14 ms
